<?xml version="1.0" encoding="UTF-8"?>
<!-- Generated by org.testng.reporters.JUnitXMLReporter -->
<testsuite ignored="0" hostname="DESKTOP-E7FOCSH" failures="0" tests="4" name="Default test" time="77.053" errors="0" timestamp="2022-09-14T16:03:18 IST">
  <testcase classname="com.qa.Test.HomePageTest" name="TC001_verify_That_User_Should_Login_With_Correct_User_Name_and_Password" time="5.72"/>
  <testcase classname="com.qa.Test.HomePageTest" name="TC002_Verify_That_Home_Page_Is_Displayed_After_LogIn" time="0.774"/>
  <testcase classname="com.qa.Test.HomePageTest" name="TC003_verify_That_Logo_is_Displayed" time="1.863"/>
  <testcase classname="com.qa.Test.HomePageTest" name="TC005_verify_That_User_Able_To_Serch_product" time="11.928"/>
</testsuite> <!-- Default test -->
