<?xml version="1.0" encoding="UTF-8"?>
<!-- Generated by org.testng.reporters.JUnitXMLReporter -->
<testsuite ignored="3" hostname="DESKTOP-E7FOCSH" failures="1" tests="1" name="Test(failed)(failed)" time="18.771" errors="0" timestamp="2022-08-17T23:06:50 IST">
  <testcase classname="com.qa.Test.HomePageTest" name="TC005_verify_That_User_Able_To_Serch_product" time="7.722">
    <failure type="java.lang.AssertionError" message="The following asserts failed:
	expected [true] but found [false]">
      <![CDATA[java.lang.AssertionError: The following asserts failed:
expected [true] but found [false]
at com.qa.Test.HomePageTest.TC005_verify_That_User_Able_To_Serch_product(HomePageTest.java:98)
at java.base/java.util.ArrayList.forEach(ArrayList.java:1511)
... Removed 29 stack frames]]>
    </failure>
  </testcase> <!-- TC005_verify_That_User_Able_To_Serch_product -->
  <testcase classname="com.qa.Test.HomePageTest" name="TC002_Verify_That_Home_Page_Is_Displayed_After_LogIn" time="0.0">
    <ignored/>
  </testcase> <!-- TC002_Verify_That_Home_Page_Is_Displayed_After_LogIn -->
  <testcase classname="com.qa.Test.HomePageTest" name="TC003_verify_That_Logo_is_Displayed" time="0.0">
    <ignored/>
  </testcase> <!-- TC003_verify_That_Logo_is_Displayed -->
  <testcase classname="com.qa.Test.HomePageTest" name="TC001_verify_That_User_Should_Login_With_Correct_User_Name_and_Password" time="0.0">
    <ignored/>
  </testcase> <!-- TC001_verify_That_User_Should_Login_With_Correct_User_Name_and_Password -->
</testsuite> <!-- Test(failed)(failed) -->
