<?xml version="1.0" encoding="UTF-8"?>
<!-- Generated by org.testng.reporters.JUnitXMLReporter -->
<testsuite ignored="0" hostname="DESKTOP-E7FOCSH" failures="0" tests="6" name="Edge" time="233.792" errors="0" timestamp="2022-08-03T01:17:20 IST">
  <testcase classname="com.qa.Test.HomePageTest" name="TC001_verify_That_User_Should_Login_With_Correct_User_Name_and_Password" time="5.908"/>
  <testcase classname="com.qa.Test.HomePageTest" name="TC002_Verify_That_Home_Page_Is_Displayed_After_LogIn" time="1.864"/>
  <testcase classname="com.qa.Test.HomePageTest" name="TC003_verify_That_Logo_is_Displayed" time="9.046">
    <skipped/>
  </testcase> <!-- TC003_verify_That_Logo_is_Displayed -->
  <testcase classname="com.qa.Test.HomePageTest" name="TC003_verify_That_Logo_is_Displayed" time="2.734"/>
  <testcase classname="com.qa.Test.HomePageTest" name="TC005_verify_That_User_Able_To_Serch_product" time="20.788"/>
  <testcase classname="com.qa.Test.HomePageTest" name="TC008_verify_That_When_User_Clicks_On_Any_Product_User_Should_Be_Redirected_To_Product_Specification_Page" time="36.285"/>
</testsuite> <!-- Edge -->
