<?xml version="1.0" encoding="UTF-8"?>
<!-- Generated by org.testng.reporters.JUnitXMLReporter -->
<testsuite ignored="0" hostname="DESKTOP-E7FOCSH" failures="7" tests="22" name="Test" time="667.295" errors="0" timestamp="2022-08-29T18:42:02 IST">
  <testcase classname="com.qa.Test.HomePageTest" name="TC001_verify_That_User_Should_Login_With_Correct_User_Name_and_Password" time="5.892"/>
  <testcase classname="com.qa.Test.HomePageTest" name="TC002_Verify_That_Home_Page_Is_Displayed_After_LogIn" time="1.173"/>
  <testcase classname="com.qa.Test.HomePageTest" name="TC003_verify_That_Logo_is_Displayed" time="4.435"/>
  <testcase classname="com.qa.Test.HomePageTest" name="TC005_verify_That_User_Able_To_Serch_product" time="6.635"/>
  <testcase classname="com.qa.Test.CheckoutAndPaymentsPageTest" name="TC001_verify_That_Valid_Account_Holder_Name_Displyed_Under_Login" time="27.29">
    <failure type="org.openqa.selenium.StaleElementReferenceException" message="stale element reference: element is not attached to the page document
  (Session info: MicrosoftEdge=104.0.1293.70)
For documentation on this error, please visit: https://selenium.dev/exceptions/#stale_element_reference
Build info: version: &amp;apos;4.3.0&amp;apos;, revision: &amp;apos;a4995e2c09*&amp;apos;
System info: host: &amp;apos;DESKTOP-E7FOCSH&amp;apos;, ip: &amp;apos;192.168.0.107&amp;apos;, os.name: &amp;apos;Windows 10&amp;apos;, os.arch: &amp;apos;amd64&amp;apos;, os.version: &amp;apos;10.0&amp;apos;, java.version: &amp;apos;17&amp;apos;
Driver info: org.openqa.selenium.edge.EdgeDriver
Command: [95533e30dd51c05a5af17ef54cf79a16, getElementText {id=4a2486fb-d586-4752-9946-f0411f7f76ca}]
Capabilities {acceptInsecureCerts: false, browserName: msedge, browserVersion: 104.0.1293.70, ms:edgeOptions: {debuggerAddress: localhost:62774}, msedge: {msedgedriverVersion: 103.0.1264.1 (8a5f8f9a1918d..., userDataDir: C:\Users\User\AppData\Local...}, networkConnectionEnabled: false, pageLoadStrategy: normal, platformName: WINDOWS, proxy: Proxy(), se:cdp: ws://localhost:62774/devtoo..., se:cdpVersion: 104.0.1293.70, setWindowRect: true, strictFileInteractability: false, timeouts: {implicit: 0, pageLoad: 300000, script: 30000}, unhandledPromptBehavior: dismiss and notify, webauthn:extension:credBlob: true, webauthn:extension:largeBlob: true, webauthn:virtualAuthenticators: true}
Element: [[EdgeDriver: msedge on WINDOWS (95533e30dd51c05a5af17ef54cf79a16)] -&amp;gt; xpath: //span[@class=&amp;apos;npYOZI&amp;apos;]]
Session ID: 95533e30dd51c05a5af17ef54cf79a16">
      <![CDATA[org.openqa.selenium.StaleElementReferenceException: stale element reference: element is not attached to the page document
  (Session info: MicrosoftEdge=104.0.1293.70)
For documentation on this error, please visit: https://selenium.dev/exceptions/#stale_element_reference
Build info: version: '4.3.0', revision: 'a4995e2c09*'
System info: host: 'DESKTOP-E7FOCSH', ip: '192.168.0.107', os.name: 'Windows 10', os.arch: 'amd64', os.version: '10.0', java.version: '17'
Driver info: org.openqa.selenium.edge.EdgeDriver
Command: [95533e30dd51c05a5af17ef54cf79a16, getElementText {id=4a2486fb-d586-4752-9946-f0411f7f76ca}]
Capabilities {acceptInsecureCerts: false, browserName: msedge, browserVersion: 104.0.1293.70, ms:edgeOptions: {debuggerAddress: localhost:62774}, msedge: {msedgedriverVersion: 103.0.1264.1 (8a5f8f9a1918d..., userDataDir: C:\Users\User\AppData\Local...}, networkConnectionEnabled: false, pageLoadStrategy: normal, platformName: WINDOWS, proxy: Proxy(), se:cdp: ws://localhost:62774/devtoo..., se:cdpVersion: 104.0.1293.70, setWindowRect: true, strictFileInteractability: false, timeouts: {implicit: 0, pageLoad: 300000, script: 30000}, unhandledPromptBehavior: dismiss and notify, webauthn:extension:credBlob: true, webauthn:extension:largeBlob: true, webauthn:virtualAuthenticators: true}
Element: [[EdgeDriver: msedge on WINDOWS (95533e30dd51c05a5af17ef54cf79a16)] -> xpath: //span[@class='npYOZI']]
Session ID: 95533e30dd51c05a5af17ef54cf79a16
at org.openqa.selenium.remote.codec.w3c.W3CHttpResponseCodec.createException(W3CHttpResponseCodec.java:200)
at org.openqa.selenium.remote.codec.w3c.W3CHttpResponseCodec.decode(W3CHttpResponseCodec.java:133)
at org.openqa.selenium.remote.codec.w3c.W3CHttpResponseCodec.decode(W3CHttpResponseCodec.java:53)
at org.openqa.selenium.remote.HttpCommandExecutor.execute(HttpCommandExecutor.java:184)
at org.openqa.selenium.remote.service.DriverCommandExecutor.invokeExecute(DriverCommandExecutor.java:167)
at org.openqa.selenium.remote.service.DriverCommandExecutor.execute(DriverCommandExecutor.java:142)
at org.openqa.selenium.remote.RemoteWebDriver.execute(RemoteWebDriver.java:569)
at org.openqa.selenium.remote.RemoteWebElement.execute(RemoteWebElement.java:257)
at org.openqa.selenium.remote.RemoteWebElement.getText(RemoteWebElement.java:207)
at org.openqa.selenium.support.pagefactory.internal.LocatingElementHandler.invoke(LocatingElementHandler.java:52)
at jdk.proxy2/jdk.proxy2.$Proxy17.getText(Unknown Source)
at com.qa.Pages.CheckoutAndPaymentsPage.account_Holder_Name(CheckoutAndPaymentsPage.java:54)
at com.qa.Test.CheckoutAndPaymentsPageTest.TC001_verify_That_Valid_Account_Holder_Name_Displyed_Under_Login(CheckoutAndPaymentsPageTest.java:43)
at java.base/java.util.ArrayList.forEach(ArrayList.java:1511)
... Removed 36 stack frames]]>
    </failure>
  </testcase> <!-- TC001_verify_That_Valid_Account_Holder_Name_Displyed_Under_Login -->
  <testcase classname="com.qa.Test.CheckoutAndPaymentsPageTest" name="TC002_verify_That_Delivery_Address_Details_Should_Be_Displayed_And_User_Able_To_Select_One_Delivery_Address" time="13.475">
    <failure type="org.openqa.selenium.NoSuchElementException" message="no such element: Unable to locate element: {&amp;quot;method&amp;quot;:&amp;quot;xpath&amp;quot;,&amp;quot;selector&amp;quot;:&amp;quot;((//div[@class=&amp;apos;_13oc-S&amp;apos;])[1]//following::div)[1]&amp;quot;}
  (Session info: MicrosoftEdge=104.0.1293.70)
For documentation on this error, please visit: https://selenium.dev/exceptions/#no_such_element
Build info: version: &amp;apos;4.3.0&amp;apos;, revision: &amp;apos;a4995e2c09*&amp;apos;
System info: host: &amp;apos;DESKTOP-E7FOCSH&amp;apos;, ip: &amp;apos;192.168.0.107&amp;apos;, os.name: &amp;apos;Windows 10&amp;apos;, os.arch: &amp;apos;amd64&amp;apos;, os.version: &amp;apos;10.0&amp;apos;, java.version: &amp;apos;17&amp;apos;
Driver info: org.openqa.selenium.edge.EdgeDriver
Command: [9b32a7b88591879d0a8b5342d2ca7238, findElement {using=xpath, value=((//div[@class=&amp;apos;_13oc-S&amp;apos;])[1]//following::div)[1]}]
Capabilities {acceptInsecureCerts: false, browserName: msedge, browserVersion: 104.0.1293.70, ms:edgeOptions: {debuggerAddress: localhost:62936}, msedge: {msedgedriverVersion: 103.0.1264.1 (8a5f8f9a1918d..., userDataDir: C:\Users\User\AppData\Local...}, networkConnectionEnabled: false, pageLoadStrategy: normal, platformName: WINDOWS, proxy: Proxy(), se:cdp: ws://localhost:62936/devtoo..., se:cdpVersion: 104.0.1293.70, setWindowRect: true, strictFileInteractability: false, timeouts: {implicit: 0, pageLoad: 300000, script: 30000}, unhandledPromptBehavior: dismiss and notify, webauthn:extension:credBlob: true, webauthn:extension:largeBlob: true, webauthn:virtualAuthenticators: true}
Session ID: 9b32a7b88591879d0a8b5342d2ca7238">
      <![CDATA[org.openqa.selenium.NoSuchElementException: no such element: Unable to locate element: {"method":"xpath","selector":"((//div[@class='_13oc-S'])[1]//following::div)[1]"}
  (Session info: MicrosoftEdge=104.0.1293.70)
For documentation on this error, please visit: https://selenium.dev/exceptions/#no_such_element
Build info: version: '4.3.0', revision: 'a4995e2c09*'
System info: host: 'DESKTOP-E7FOCSH', ip: '192.168.0.107', os.name: 'Windows 10', os.arch: 'amd64', os.version: '10.0', java.version: '17'
Driver info: org.openqa.selenium.edge.EdgeDriver
Command: [9b32a7b88591879d0a8b5342d2ca7238, findElement {using=xpath, value=((//div[@class='_13oc-S'])[1]//following::div)[1]}]
Capabilities {acceptInsecureCerts: false, browserName: msedge, browserVersion: 104.0.1293.70, ms:edgeOptions: {debuggerAddress: localhost:62936}, msedge: {msedgedriverVersion: 103.0.1264.1 (8a5f8f9a1918d..., userDataDir: C:\Users\User\AppData\Local...}, networkConnectionEnabled: false, pageLoadStrategy: normal, platformName: WINDOWS, proxy: Proxy(), se:cdp: ws://localhost:62936/devtoo..., se:cdpVersion: 104.0.1293.70, setWindowRect: true, strictFileInteractability: false, timeouts: {implicit: 0, pageLoad: 300000, script: 30000}, unhandledPromptBehavior: dismiss and notify, webauthn:extension:credBlob: true, webauthn:extension:largeBlob: true, webauthn:virtualAuthenticators: true}
Session ID: 9b32a7b88591879d0a8b5342d2ca7238
at org.openqa.selenium.remote.codec.w3c.W3CHttpResponseCodec.createException(W3CHttpResponseCodec.java:200)
at org.openqa.selenium.remote.codec.w3c.W3CHttpResponseCodec.decode(W3CHttpResponseCodec.java:133)
at org.openqa.selenium.remote.codec.w3c.W3CHttpResponseCodec.decode(W3CHttpResponseCodec.java:53)
at org.openqa.selenium.remote.HttpCommandExecutor.execute(HttpCommandExecutor.java:184)
at org.openqa.selenium.remote.service.DriverCommandExecutor.invokeExecute(DriverCommandExecutor.java:167)
at org.openqa.selenium.remote.service.DriverCommandExecutor.execute(DriverCommandExecutor.java:142)
at org.openqa.selenium.remote.RemoteWebDriver.execute(RemoteWebDriver.java:569)
at org.openqa.selenium.remote.ElementLocation$ElementFinder$2.findElement(ElementLocation.java:162)
at org.openqa.selenium.remote.ElementLocation.findElement(ElementLocation.java:60)
at org.openqa.selenium.remote.RemoteWebDriver.findElement(RemoteWebDriver.java:387)
at org.openqa.selenium.remote.RemoteWebDriver.findElement(RemoteWebDriver.java:379)
at org.openqa.selenium.support.pagefactory.DefaultElementLocator.findElement(DefaultElementLocator.java:70)
at org.openqa.selenium.support.pagefactory.internal.LocatingElementHandler.invoke(LocatingElementHandler.java:39)
at jdk.proxy2/jdk.proxy2.$Proxy17.getWrappedElement(Unknown Source)
at org.openqa.selenium.remote.internal.WebElementToJsonConverter.apply(WebElementToJsonConverter.java:51)
at java.base/java.util.stream.ReferencePipeline$3$1.accept(ReferencePipeline.java:197)
at java.base/java.util.Spliterators$ArraySpliterator.forEachRemaining(Spliterators.java:992)
at java.base/java.util.stream.AbstractPipeline.copyInto(AbstractPipeline.java:509)
at java.base/java.util.stream.AbstractPipeline.wrapAndCopyInto(AbstractPipeline.java:499)
at java.base/java.util.stream.ReduceOps$ReduceOp.evaluateSequential(ReduceOps.java:921)
at java.base/java.util.stream.AbstractPipeline.evaluate(AbstractPipeline.java:234)
at java.base/java.util.stream.ReferencePipeline.collect(ReferencePipeline.java:682)
at org.openqa.selenium.remote.RemoteWebDriver.executeScript(RemoteWebDriver.java:500)
at com.qa.Action.Action.jsClick(Action.java:30)
at com.qa.Pages.SearchResultPage.click_ON_Product_Displayed(SearchResultPage.java:98)
at com.qa.Test.CheckoutAndPaymentsPageTest.TC002_verify_That_Delivery_Address_Details_Should_Be_Displayed_And_User_Able_To_Select_One_Delivery_Address(CheckoutAndPaymentsPageTest.java:64)
at java.base/java.util.ArrayList.forEach(ArrayList.java:1511)
... Removed 32 stack frames]]>
    </failure>
  </testcase> <!-- TC002_verify_That_Delivery_Address_Details_Should_Be_Displayed_And_User_Able_To_Select_One_Delivery_Address -->
  <testcase classname="com.qa.Test.CheckoutAndPaymentsPageTest" name="TC003_Verify_That_Order_Summary_Having_Same_Product_Wich_Available_In_Cart_Page" time="30.09"/>
  <testcase classname="com.qa.Test.SearchResultPageTest" name="verify_That_Filters_Options_Should_Be_Present_On_Search_Results_Page" time="6.604"/>
  <testcase classname="com.qa.Test.SearchResultPageTest" name="TC00_verify_That_User_Able_to_Apply_Filters_on_Serch_Product" time="11.488">
    <failure type="org.openqa.selenium.NoSuchElementException" message="Cannot locate option with index: 6
For documentation on this error, please visit: https://selenium.dev/exceptions/#no_such_element
Build info: version: &amp;apos;4.3.0&amp;apos;, revision: &amp;apos;a4995e2c09*&amp;apos;
System info: host: &amp;apos;DESKTOP-E7FOCSH&amp;apos;, ip: &amp;apos;192.168.0.107&amp;apos;, os.name: &amp;apos;Windows 10&amp;apos;, os.arch: &amp;apos;amd64&amp;apos;, os.version: &amp;apos;10.0&amp;apos;, java.version: &amp;apos;17&amp;apos;
Driver info: driver.version: unknown">
      <![CDATA[org.openqa.selenium.NoSuchElementException: Cannot locate option with index: 6
For documentation on this error, please visit: https://selenium.dev/exceptions/#no_such_element
Build info: version: '4.3.0', revision: 'a4995e2c09*'
System info: host: 'DESKTOP-E7FOCSH', ip: '192.168.0.107', os.name: 'Windows 10', os.arch: 'amd64', os.version: '10.0', java.version: '17'
Driver info: driver.version: unknown
at org.openqa.selenium.support.ui.Select.setSelectedByIndex(Select.java:301)
at org.openqa.selenium.support.ui.Select.selectByIndex(Select.java:176)
at com.qa.Action.Action.selectByIndex(Action.java:61)
at com.qa.Pages.SearchResultPage.select_Price(SearchResultPage.java:93)
at com.qa.Test.SearchResultPageTest.TC00_verify_That_User_Able_to_Apply_Filters_on_Serch_Product(SearchResultPageTest.java:58)
at java.base/java.util.ArrayList.forEach(ArrayList.java:1511)
... Removed 27 stack frames]]>
    </failure>
  </testcase> <!-- TC00_verify_That_User_Able_to_Apply_Filters_on_Serch_Product -->
  <testcase classname="com.qa.Test.SearchResultPageTest" name="TC009_verify_That_When_User_Clicks_On_Any_Product_User_Should_Be_Redirected_To_Product_Specification_Page" time="17.638"/>
  <testcase classname="com.qa.Test.ProductSpecificationPageTest" name="TC001_verify_That_Images_Of_Product_Are_Displayed_Correctly" time="13.221">
    <skipped/>
  </testcase> <!-- TC001_verify_That_Images_Of_Product_Are_Displayed_Correctly -->
  <testcase classname="com.qa.Test.ProductSpecificationPageTest" name="TC001_verify_That_Images_Of_Product_Are_Displayed_Correctly" time="12.918"/>
  <testcase classname="com.qa.Test.ProductSpecificationPageTest" name="TC007_Verify_That_When_User_Clicks_On_Go_To_Cart_The_Product_Should_Be_Add_Into_Cart" time="20.593">
    <skipped/>
  </testcase> <!-- TC007_Verify_That_When_User_Clicks_On_Go_To_Cart_The_Product_Should_Be_Add_Into_Cart -->
  <testcase classname="com.qa.Test.ProductSpecificationPageTest" name="TC007_Verify_That_When_User_Clicks_On_Go_To_Cart_The_Product_Should_Be_Add_Into_Cart" time="16.332">
    <failure type="org.openqa.selenium.NoSuchElementException" message="no such element: Unable to locate element: {&amp;quot;method&amp;quot;:&amp;quot;xpath&amp;quot;,&amp;quot;selector&amp;quot;:&amp;quot;//span[@class=&amp;apos;B_NuCI&amp;apos;]&amp;quot;}
  (Session info: MicrosoftEdge=104.0.1293.70)
For documentation on this error, please visit: https://selenium.dev/exceptions/#no_such_element
Build info: version: &amp;apos;4.3.0&amp;apos;, revision: &amp;apos;a4995e2c09*&amp;apos;
System info: host: &amp;apos;DESKTOP-E7FOCSH&amp;apos;, ip: &amp;apos;192.168.0.107&amp;apos;, os.name: &amp;apos;Windows 10&amp;apos;, os.arch: &amp;apos;amd64&amp;apos;, os.version: &amp;apos;10.0&amp;apos;, java.version: &amp;apos;17&amp;apos;
Driver info: org.openqa.selenium.edge.EdgeDriver
Command: [85434f7a277c93bc72bb33fd1424e934, findElement {using=xpath, value=//span[@class=&amp;apos;B_NuCI&amp;apos;]}]
Capabilities {acceptInsecureCerts: false, browserName: msedge, browserVersion: 104.0.1293.70, ms:edgeOptions: {debuggerAddress: localhost:64021}, msedge: {msedgedriverVersion: 103.0.1264.1 (8a5f8f9a1918d..., userDataDir: C:\Users\User\AppData\Local...}, networkConnectionEnabled: false, pageLoadStrategy: normal, platformName: WINDOWS, proxy: Proxy(), se:cdp: ws://localhost:64021/devtoo..., se:cdpVersion: 104.0.1293.70, setWindowRect: true, strictFileInteractability: false, timeouts: {implicit: 0, pageLoad: 300000, script: 30000}, unhandledPromptBehavior: dismiss and notify, webauthn:extension:credBlob: true, webauthn:extension:largeBlob: true, webauthn:virtualAuthenticators: true}
Session ID: 85434f7a277c93bc72bb33fd1424e934">
      <![CDATA[org.openqa.selenium.NoSuchElementException: no such element: Unable to locate element: {"method":"xpath","selector":"//span[@class='B_NuCI']"}
  (Session info: MicrosoftEdge=104.0.1293.70)
For documentation on this error, please visit: https://selenium.dev/exceptions/#no_such_element
Build info: version: '4.3.0', revision: 'a4995e2c09*'
System info: host: 'DESKTOP-E7FOCSH', ip: '192.168.0.107', os.name: 'Windows 10', os.arch: 'amd64', os.version: '10.0', java.version: '17'
Driver info: org.openqa.selenium.edge.EdgeDriver
Command: [85434f7a277c93bc72bb33fd1424e934, findElement {using=xpath, value=//span[@class='B_NuCI']}]
Capabilities {acceptInsecureCerts: false, browserName: msedge, browserVersion: 104.0.1293.70, ms:edgeOptions: {debuggerAddress: localhost:64021}, msedge: {msedgedriverVersion: 103.0.1264.1 (8a5f8f9a1918d..., userDataDir: C:\Users\User\AppData\Local...}, networkConnectionEnabled: false, pageLoadStrategy: normal, platformName: WINDOWS, proxy: Proxy(), se:cdp: ws://localhost:64021/devtoo..., se:cdpVersion: 104.0.1293.70, setWindowRect: true, strictFileInteractability: false, timeouts: {implicit: 0, pageLoad: 300000, script: 30000}, unhandledPromptBehavior: dismiss and notify, webauthn:extension:credBlob: true, webauthn:extension:largeBlob: true, webauthn:virtualAuthenticators: true}
Session ID: 85434f7a277c93bc72bb33fd1424e934
at org.openqa.selenium.remote.codec.w3c.W3CHttpResponseCodec.createException(W3CHttpResponseCodec.java:200)
at org.openqa.selenium.remote.codec.w3c.W3CHttpResponseCodec.decode(W3CHttpResponseCodec.java:133)
at org.openqa.selenium.remote.codec.w3c.W3CHttpResponseCodec.decode(W3CHttpResponseCodec.java:53)
at org.openqa.selenium.remote.HttpCommandExecutor.execute(HttpCommandExecutor.java:184)
at org.openqa.selenium.remote.service.DriverCommandExecutor.invokeExecute(DriverCommandExecutor.java:167)
at org.openqa.selenium.remote.service.DriverCommandExecutor.execute(DriverCommandExecutor.java:142)
at org.openqa.selenium.remote.RemoteWebDriver.execute(RemoteWebDriver.java:569)
at org.openqa.selenium.remote.ElementLocation$ElementFinder$2.findElement(ElementLocation.java:162)
at org.openqa.selenium.remote.ElementLocation.findElement(ElementLocation.java:60)
at org.openqa.selenium.remote.RemoteWebDriver.findElement(RemoteWebDriver.java:387)
at org.openqa.selenium.remote.RemoteWebDriver.findElement(RemoteWebDriver.java:379)
at org.openqa.selenium.support.pagefactory.DefaultElementLocator.findElement(DefaultElementLocator.java:70)
at org.openqa.selenium.support.pagefactory.internal.LocatingElementHandler.invoke(LocatingElementHandler.java:39)
at jdk.proxy2/jdk.proxy2.$Proxy17.getText(Unknown Source)
at com.qa.Pages.ProductSpecificationPage.get_First_Product_Name(ProductSpecificationPage.java:77)
at com.qa.Test.ProductSpecificationPageTest.TC007_Verify_That_When_User_Clicks_On_Go_To_Cart_The_Product_Should_Be_Add_Into_Cart(ProductSpecificationPageTest.java:64)
at java.base/java.util.ArrayList.forEach(ArrayList.java:1511)
... Removed 32 stack frames]]>
    </failure>
  </testcase> <!-- TC007_Verify_That_When_User_Clicks_On_Go_To_Cart_The_Product_Should_Be_Add_Into_Cart -->
  <testcase classname="com.qa.Test.ProductSpecificationPageTest" name="TC008_verify_That_When_User_Clicks_On_Buy_Now_button_Then_User_Land_On_Checkout_And_Payments_Page" time="15.285">
    <skipped/>
  </testcase> <!-- TC008_verify_That_When_User_Clicks_On_Buy_Now_button_Then_User_Land_On_Checkout_And_Payments_Page -->
  <testcase classname="com.qa.Test.ProductSpecificationPageTest" name="TC008_verify_That_When_User_Clicks_On_Buy_Now_button_Then_User_Land_On_Checkout_And_Payments_Page" time="14.019">
    <failure type="java.lang.AssertionError" message="The following asserts failed:
	expected [Flipkart.com: Secure Payment: Login &amp;gt; Select Shipping Address &amp;gt; Review Order &amp;gt; Place Order] but found [PUMA Printed Men Round Neck Green T-Shirt - Buy PUMA Printed Men Round Neck Green T-Shirt Online at Best Prices in India | Flipkart.com]">
      <![CDATA[java.lang.AssertionError: The following asserts failed:
expected [Flipkart.com: Secure Payment: Login > Select Shipping Address > Review Order > Place Order] but found [PUMA Printed Men Round Neck Green T-Shirt - Buy PUMA Printed Men Round Neck Green T-Shirt Online at Best Prices in India | Flipkart.com]
at com.qa.Test.ProductSpecificationPageTest.TC008_verify_That_When_User_Clicks_On_Buy_Now_button_Then_User_Land_On_Checkout_And_Payments_Page(ProductSpecificationPageTest.java:103)
at java.base/java.util.ArrayList.forEach(ArrayList.java:1511)
... Removed 29 stack frames]]>
    </failure>
  </testcase> <!-- TC008_verify_That_When_User_Clicks_On_Buy_Now_button_Then_User_Land_On_Checkout_And_Payments_Page -->
  <testcase classname="com.qa.Test.CartPageTest" name="TC001_verify_That_Item_Quantity_Should_Be_Increased_If_user_click_On_Increase_Button" time="16.573">
    <skipped/>
  </testcase> <!-- TC001_verify_That_Item_Quantity_Should_Be_Increased_If_user_click_On_Increase_Button -->
  <testcase classname="com.qa.Test.CartPageTest" name="TC001_verify_That_Item_Quantity_Should_Be_Increased_If_user_click_On_Increase_Button" time="16.498">
    <failure type="org.openqa.selenium.NoSuchElementException" message="no such element: Unable to locate element: {&amp;quot;method&amp;quot;:&amp;quot;xpath&amp;quot;,&amp;quot;selector&amp;quot;:&amp;quot;//span[@class=&amp;apos;B_NuCI&amp;apos;]&amp;quot;}
  (Session info: MicrosoftEdge=104.0.1293.70)
For documentation on this error, please visit: https://selenium.dev/exceptions/#no_such_element
Build info: version: &amp;apos;4.3.0&amp;apos;, revision: &amp;apos;a4995e2c09*&amp;apos;
System info: host: &amp;apos;DESKTOP-E7FOCSH&amp;apos;, ip: &amp;apos;192.168.0.107&amp;apos;, os.name: &amp;apos;Windows 10&amp;apos;, os.arch: &amp;apos;amd64&amp;apos;, os.version: &amp;apos;10.0&amp;apos;, java.version: &amp;apos;17&amp;apos;
Driver info: org.openqa.selenium.edge.EdgeDriver
Command: [2b2f5c04c0137e9dc7bddadbac3d2c0d, findElement {using=xpath, value=//span[@class=&amp;apos;B_NuCI&amp;apos;]}]
Capabilities {acceptInsecureCerts: false, browserName: msedge, browserVersion: 104.0.1293.70, ms:edgeOptions: {debuggerAddress: localhost:64647}, msedge: {msedgedriverVersion: 103.0.1264.1 (8a5f8f9a1918d..., userDataDir: C:\Users\User\AppData\Local...}, networkConnectionEnabled: false, pageLoadStrategy: normal, platformName: WINDOWS, proxy: Proxy(), se:cdp: ws://localhost:64647/devtoo..., se:cdpVersion: 104.0.1293.70, setWindowRect: true, strictFileInteractability: false, timeouts: {implicit: 0, pageLoad: 300000, script: 30000}, unhandledPromptBehavior: dismiss and notify, webauthn:extension:credBlob: true, webauthn:extension:largeBlob: true, webauthn:virtualAuthenticators: true}
Session ID: 2b2f5c04c0137e9dc7bddadbac3d2c0d">
      <![CDATA[org.openqa.selenium.NoSuchElementException: no such element: Unable to locate element: {"method":"xpath","selector":"//span[@class='B_NuCI']"}
  (Session info: MicrosoftEdge=104.0.1293.70)
For documentation on this error, please visit: https://selenium.dev/exceptions/#no_such_element
Build info: version: '4.3.0', revision: 'a4995e2c09*'
System info: host: 'DESKTOP-E7FOCSH', ip: '192.168.0.107', os.name: 'Windows 10', os.arch: 'amd64', os.version: '10.0', java.version: '17'
Driver info: org.openqa.selenium.edge.EdgeDriver
Command: [2b2f5c04c0137e9dc7bddadbac3d2c0d, findElement {using=xpath, value=//span[@class='B_NuCI']}]
Capabilities {acceptInsecureCerts: false, browserName: msedge, browserVersion: 104.0.1293.70, ms:edgeOptions: {debuggerAddress: localhost:64647}, msedge: {msedgedriverVersion: 103.0.1264.1 (8a5f8f9a1918d..., userDataDir: C:\Users\User\AppData\Local...}, networkConnectionEnabled: false, pageLoadStrategy: normal, platformName: WINDOWS, proxy: Proxy(), se:cdp: ws://localhost:64647/devtoo..., se:cdpVersion: 104.0.1293.70, setWindowRect: true, strictFileInteractability: false, timeouts: {implicit: 0, pageLoad: 300000, script: 30000}, unhandledPromptBehavior: dismiss and notify, webauthn:extension:credBlob: true, webauthn:extension:largeBlob: true, webauthn:virtualAuthenticators: true}
Session ID: 2b2f5c04c0137e9dc7bddadbac3d2c0d
at org.openqa.selenium.remote.codec.w3c.W3CHttpResponseCodec.createException(W3CHttpResponseCodec.java:200)
at org.openqa.selenium.remote.codec.w3c.W3CHttpResponseCodec.decode(W3CHttpResponseCodec.java:133)
at org.openqa.selenium.remote.codec.w3c.W3CHttpResponseCodec.decode(W3CHttpResponseCodec.java:53)
at org.openqa.selenium.remote.HttpCommandExecutor.execute(HttpCommandExecutor.java:184)
at org.openqa.selenium.remote.service.DriverCommandExecutor.invokeExecute(DriverCommandExecutor.java:167)
at org.openqa.selenium.remote.service.DriverCommandExecutor.execute(DriverCommandExecutor.java:142)
at org.openqa.selenium.remote.RemoteWebDriver.execute(RemoteWebDriver.java:569)
at org.openqa.selenium.remote.ElementLocation$ElementFinder$2.findElement(ElementLocation.java:162)
at org.openqa.selenium.remote.ElementLocation.findElement(ElementLocation.java:60)
at org.openqa.selenium.remote.RemoteWebDriver.findElement(RemoteWebDriver.java:387)
at org.openqa.selenium.remote.RemoteWebDriver.findElement(RemoteWebDriver.java:379)
at org.openqa.selenium.support.pagefactory.DefaultElementLocator.findElement(DefaultElementLocator.java:70)
at org.openqa.selenium.support.pagefactory.internal.LocatingElementHandler.invoke(LocatingElementHandler.java:39)
at jdk.proxy2/jdk.proxy2.$Proxy17.getText(Unknown Source)
at com.qa.Pages.ProductSpecificationPage.get_First_Product_Name(ProductSpecificationPage.java:77)
at com.qa.Test.CartPageTest.TC001_verify_That_Item_Quantity_Should_Be_Increased_If_user_click_On_Increase_Button(CartPageTest.java:42)
at java.base/java.util.ArrayList.forEach(ArrayList.java:1511)
... Removed 32 stack frames]]>
    </failure>
  </testcase> <!-- TC001_verify_That_Item_Quantity_Should_Be_Increased_If_user_click_On_Increase_Button -->
  <testcase classname="com.qa.Test.CartPageTest" name="TC002_verify_That_Total_Amount_Of_All_Items_Should_Be_displayed_to_user" time="17.484"/>
  <testcase classname="com.qa.Test.CartPageTest" name="TC005_verify_That_When_User_Clicks_On_Remove_Button_The_Item_Should_Be_Removed_From_Cart" time="25.018"/>
  <testcase classname="com.qa.Test.CartPageTest" name="TC007_verify_That_User_Should_Able_To_Ckick_On_Place_Order_Button_And_Redirect_On_Checkout_And_Payments_Page" time="14.372">
    <skipped/>
  </testcase> <!-- TC007_verify_That_User_Should_Able_To_Ckick_On_Place_Order_Button_And_Redirect_On_Checkout_And_Payments_Page -->
  <testcase classname="com.qa.Test.CartPageTest" name="TC007_verify_That_User_Should_Able_To_Ckick_On_Place_Order_Button_And_Redirect_On_Checkout_And_Payments_Page" time="22.075">
    <failure type="java.lang.AssertionError" message="The following asserts failed:
	expected [Flipkart.com: Secure Payment: Login &amp;gt; Select Shipping Address &amp;gt; Review Order &amp;gt; Place Order] but found [Shopping Cart | Flipkart.com]">
      <![CDATA[java.lang.AssertionError: The following asserts failed:
expected [Flipkart.com: Secure Payment: Login > Select Shipping Address > Review Order > Place Order] but found [Shopping Cart | Flipkart.com]
at com.qa.Test.CartPageTest.TC007_verify_That_User_Should_Able_To_Ckick_On_Place_Order_Button_And_Redirect_On_Checkout_And_Payments_Page(CartPageTest.java:129)
at java.base/java.util.ArrayList.forEach(ArrayList.java:1511)
... Removed 29 stack frames]]>
    </failure>
  </testcase> <!-- TC007_verify_That_User_Should_Able_To_Ckick_On_Place_Order_Button_And_Redirect_On_Checkout_And_Payments_Page -->
</testsuite> <!-- Test -->
