<?xml version="1.0" encoding="UTF-8"?>
<!-- Generated by org.testng.reporters.JUnitXMLReporter -->
<testsuite ignored="0" hostname="DESKTOP-E7FOCSH" failures="0" tests="4" name="Test" time="47.286" errors="0" timestamp="2022-08-22T15:24:56 IST">
  <testcase classname="com.qa.Test.HomePageTest" name="TC001_verify_That_User_Should_Login_With_Correct_User_Name_and_Password" time="4.093"/>
  <testcase classname="com.qa.Test.HomePageTest" name="TC002_Verify_That_Home_Page_Is_Displayed_After_LogIn" time="1.158"/>
  <testcase classname="com.qa.Test.HomePageTest" name="TC003_verify_That_Logo_is_Displayed" time="3.613"/>
  <testcase classname="com.qa.Test.HomePageTest" name="TC005_verify_That_User_Able_To_Serch_product" time="6.353"/>
</testsuite> <!-- Test -->
